Added Component: Designator=1(HDR1X3)
Added Component: Designator=2(HDR1X3)
Added Component: Designator=3(R1/4W)
Added Component: Designator=4(R1/4W)
Added Component: Designator=BT1(PIN3V)
Added Component: Designator=C1(CAP RADIAL 3.5x7.7)
Added Component: Designator=C2(CAP 10x DIP)
Added Component: Designator=C3(CAP 10x DIP)
Added Component: Designator=C4(CN3)
Added Component: Designator=C5(CAP RADIAL 3.5x7.7)
Added Component: Designator=C6(CAP RADIAL 3.5x7.7)
Added Component: Designator=C7(CAP RADIAL 3.5x7.7)
Added Component: Designator=C8(CAP RADIAL 3.5x7.7)
Added Component: Designator=C9(CAP RADIAL 3.5x7.7)
Added Component: Designator=C10(CAP FILTER)
Added Component: Designator=C11(CAP FILTER)
Added Component: Designator=C12(CP1.5/3.4)
Added Component: Designator=D1(LED R-DIP)
Added Component: Designator=D2(D1A)
Added Component: Designator=DS1(7SEGQ)
Added Component: Designator=GND1(HDR1X3)
Added Component: Designator=HD1(HED8V)
Added Component: Designator=HD2(HED8V)
Added Component: Designator=HD3(Hed2X5)
Added Component: Designator=IC1(QTO-220H3)
Added Component: Designator=IC2(DIP40/W0.6)
Added Component: Designator=IC3(DIP16/W0.3)
Added Component: Designator=J1(COM9 FEMALE)
Added Component: Designator=JACK1(JACK DC)
Added Component: Designator=LCD1(LCD16X2)
Added Component: Designator=LED1(LED-5-Green)
Added Component: Designator=P1(HDR1X8)
Added Component: Designator=P2(HDR1X8)
Added Component: Designator=P3(HDR1X8)
Added Component: Designator=P4(HDR1X8)
Added Component: Designator=Q1(TO-92)
Added Component: Designator=Q2(TO-92)
Added Component: Designator=Q3(TO-92)
Added Component: Designator=Q4(TO-92)
Added Component: Designator=R1(R1/4W)
Added Component: Designator=R2(RESISTOR)
Added Component: Designator=R3(R1/4W)
Added Component: Designator=R4(R1/4W)
Added Component: Designator=R5(R1/4W)
Added Component: Designator=R6(R1/4W)
Added Component: Designator=R7(RESISTOR)
Added Component: Designator=R8(R1/4W)
Added Component: Designator=R9(R1/4W)
Added Component: Designator=R10(R1/4W)
Added Component: Designator=R11(R1/4W)
Added Component: Designator=R12(R1/4W)
Added Component: Designator=R13(R1/4W)
Added Component: Designator=R14(R1/4W)
Added Component: Designator=R15(R1/4W)
Added Component: Designator=R16(R1/4W)
Added Component: Designator=R17(R1/4W)
Added Component: Designator=SW1(SW6)
Added Component: Designator=SW2(SW4)
Added Component: Designator=SW3(SW4)
Added Component: Designator=SW4(SW4)
Added Component: Designator=SW5(SW4)
Added Component: Designator=SW6(SW4)
Added Component: Designator=U1(SOT223 - 3 LEAD)
Added Component: Designator=U2(DIP8/W0.3)
Added Component: Designator=VR1(VR)
Added Component: Designator=X1(XT32k)
Added Component: Designator=X2(XT2)
Added Pin To Net: NetName=3.3V Pin=1-1
Added Pin To Net: NetName=3.3V Pin=1-2
Added Pin To Net: NetName=3.3V Pin=1-3
Added Pin To Net: NetName=3.3V Pin=C1-1
Added Pin To Net: NetName=3.3V Pin=C2-2
Added Pin To Net: NetName=3.3V Pin=C3-2
Added Pin To Net: NetName=3.3V Pin=R2-2
Added Pin To Net: NetName=3.3V Pin=U1-2
Added Pin To Net: NetName=3.3V Pin=U1-4
Added Net: Name=3.3V
Added Pin To Net: NetName=AREF Pin=C12-1
Added Pin To Net: NetName=AREF Pin=IC2-32
Added Net: Name=AREF
Added Pin To Net: NetName=GND Pin=BT1-2
Added Pin To Net: NetName=GND Pin=C1-2
Added Pin To Net: NetName=GND Pin=C2-1
Added Pin To Net: NetName=GND Pin=C3-1
Added Pin To Net: NetName=GND Pin=C4-2
Added Pin To Net: NetName=GND Pin=C5-2
Added Pin To Net: NetName=GND Pin=C8-2
Added Pin To Net: NetName=GND Pin=C10-2
Added Pin To Net: NetName=GND Pin=C11-1
Added Pin To Net: NetName=GND Pin=C12-2
Added Pin To Net: NetName=GND Pin=D1-2
Added Pin To Net: NetName=GND Pin=GND1-1
Added Pin To Net: NetName=GND Pin=GND1-2
Added Pin To Net: NetName=GND Pin=GND1-3
Added Pin To Net: NetName=GND Pin=HD1-1
Added Pin To Net: NetName=GND Pin=HD2-8
Added Pin To Net: NetName=GND Pin=HD3-4
Added Pin To Net: NetName=GND Pin=HD3-6
Added Pin To Net: NetName=GND Pin=HD3-8
Added Pin To Net: NetName=GND Pin=HD3-10
Added Pin To Net: NetName=GND Pin=IC1-2
Added Pin To Net: NetName=GND Pin=IC1-2
Added Pin To Net: NetName=GND Pin=IC2-11
Added Pin To Net: NetName=GND Pin=IC2-31
Added Pin To Net: NetName=GND Pin=IC3-15
Added Pin To Net: NetName=GND Pin=J1-5
Added Pin To Net: NetName=GND Pin=JACK1-2
Added Pin To Net: NetName=GND Pin=JACK1-3
Added Pin To Net: NetName=GND Pin=LCD1-1
Added Pin To Net: NetName=GND Pin=LCD1-16
Added Pin To Net: NetName=GND Pin=R5-1
Added Pin To Net: NetName=GND Pin=SW2-2
Added Pin To Net: NetName=GND Pin=SW2-4
Added Pin To Net: NetName=GND Pin=SW3-2
Added Pin To Net: NetName=GND Pin=SW3-4
Added Pin To Net: NetName=GND Pin=SW4-2
Added Pin To Net: NetName=GND Pin=SW4-4
Added Pin To Net: NetName=GND Pin=SW5-2
Added Pin To Net: NetName=GND Pin=SW5-4
Added Pin To Net: NetName=GND Pin=SW6-2
Added Pin To Net: NetName=GND Pin=SW6-4
Added Pin To Net: NetName=GND Pin=U1-1
Added Pin To Net: NetName=GND Pin=U2-4
Added Pin To Net: NetName=GND Pin=VR1-3
Added Net: Name=GND
Added Pin To Net: NetName=MISO Pin=HD3-9
Added Pin To Net: NetName=MISO Pin=IC2-7
Added Pin To Net: NetName=MISO Pin=P1-2
Added Net: Name=MISO
Added Pin To Net: NetName=MOSI Pin=HD3-1
Added Pin To Net: NetName=MOSI Pin=IC2-6
Added Pin To Net: NetName=MOSI Pin=P1-3
Added Net: Name=MOSI
Added Pin To Net: NetName=Net3_2 Pin=3-2
Added Pin To Net: NetName=Net3_2 Pin=DS1-2
Added Net: Name=Net3_2
Added Pin To Net: NetName=Net4_2 Pin=4-2
Added Pin To Net: NetName=Net4_2 Pin=DS1-1
Added Net: Name=Net4_2
Added Pin To Net: NetName=NetBT1_1 Pin=BT1-1
Added Pin To Net: NetName=NetBT1_1 Pin=U2-3
Added Net: Name=NetBT1_1
Added Pin To Net: NetName=NetC5_1 Pin=C5-1
Added Pin To Net: NetName=NetC5_1 Pin=IC1-1
Added Pin To Net: NetName=NetC5_1 Pin=SW1-2
Added Net: Name=NetC5_1
Added Pin To Net: NetName=NetC6_1 Pin=C6-1
Added Pin To Net: NetName=NetC6_1 Pin=IC3-1
Added Net: Name=NetC6_1
Added Pin To Net: NetName=NetC6_2 Pin=C6-2
Added Pin To Net: NetName=NetC6_2 Pin=IC3-3
Added Net: Name=NetC6_2
Added Pin To Net: NetName=NetC7_1 Pin=C7-1
Added Pin To Net: NetName=NetC7_1 Pin=IC3-4
Added Net: Name=NetC7_1
Added Pin To Net: NetName=NetC7_2 Pin=C7-2
Added Pin To Net: NetName=NetC7_2 Pin=IC3-5
Added Net: Name=NetC7_2
Added Pin To Net: NetName=NetC8_1 Pin=C8-1
Added Pin To Net: NetName=NetC8_1 Pin=IC3-2
Added Net: Name=NetC8_1
Added Pin To Net: NetName=NetC9_2 Pin=C9-2
Added Pin To Net: NetName=NetC9_2 Pin=IC3-6
Added Net: Name=NetC9_2
Added Pin To Net: NetName=NetD1_1 Pin=D1-1
Added Pin To Net: NetName=NetD1_1 Pin=R2-1
Added Net: Name=NetD1_1
Added Pin To Net: NetName=NetD2_1 Pin=D2-1
Added Pin To Net: NetName=NetD2_1 Pin=JACK1-1
Added Net: Name=NetD2_1
Added Pin To Net: NetName=NetD2_2 Pin=D2-2
Added Pin To Net: NetName=NetD2_2 Pin=SW1-1
Added Net: Name=NetD2_2
Added Pin To Net: NetName=NetDS1_3 Pin=DS1-3
Added Pin To Net: NetName=NetDS1_3 Pin=R17-2
Added Net: Name=NetDS1_3
Added Pin To Net: NetName=NetDS1_4 Pin=DS1-4
Added Pin To Net: NetName=NetDS1_4 Pin=R14-2
Added Net: Name=NetDS1_4
Added Pin To Net: NetName=NetDS1_5 Pin=DS1-5
Added Pin To Net: NetName=NetDS1_5 Pin=R16-2
Added Net: Name=NetDS1_5
Added Pin To Net: NetName=NetDS1_6 Pin=DS1-6
Added Pin To Net: NetName=NetDS1_6 Pin=Q4-1
Added Net: Name=NetDS1_6
Added Pin To Net: NetName=NetDS1_7 Pin=DS1-7
Added Pin To Net: NetName=NetDS1_7 Pin=R13-2
Added Net: Name=NetDS1_7
Added Pin To Net: NetName=NetDS1_8 Pin=DS1-8
Added Pin To Net: NetName=NetDS1_8 Pin=Q3-1
Added Net: Name=NetDS1_8
Added Pin To Net: NetName=NetDS1_9 Pin=DS1-9
Added Pin To Net: NetName=NetDS1_9 Pin=Q2-1
Added Net: Name=NetDS1_9
Added Pin To Net: NetName=NetDS1_10 Pin=DS1-10
Added Pin To Net: NetName=NetDS1_10 Pin=R15-2
Added Net: Name=NetDS1_10
Added Pin To Net: NetName=NetDS1_11 Pin=DS1-11
Added Pin To Net: NetName=NetDS1_11 Pin=R12-2
Added Net: Name=NetDS1_11
Added Pin To Net: NetName=NetDS1_12 Pin=DS1-12
Added Pin To Net: NetName=NetDS1_12 Pin=Q1-1
Added Net: Name=NetDS1_12
Added Pin To Net: NetName=NetHD2_7 Pin=HD2-7
Added Pin To Net: NetName=NetHD2_7 Pin=R6-2
Added Net: Name=NetHD2_7
Added Pin To Net: NetName=NetIC3_13 Pin=IC3-13
Added Pin To Net: NetName=NetIC3_13 Pin=J1-3
Added Net: Name=NetIC3_13
Added Pin To Net: NetName=NetIC3_14 Pin=IC3-14
Added Pin To Net: NetName=NetIC3_14 Pin=J1-2
Added Net: Name=NetIC3_14
Added Pin To Net: NetName=NetLCD1_15 Pin=LCD1-15
Added Pin To Net: NetName=NetLCD1_15 Pin=R1-2
Added Net: Name=NetLCD1_15
Added Pin To Net: NetName=NetLED1_2 Pin=LED1-2
Added Pin To Net: NetName=NetLED1_2 Pin=R5-2
Added Net: Name=NetLED1_2
Added Pin To Net: NetName=NetQ1_3 Pin=Q1-3
Added Pin To Net: NetName=NetQ1_3 Pin=R8-1
Added Net: Name=NetQ1_3
Added Pin To Net: NetName=NetQ2_3 Pin=Q2-3
Added Pin To Net: NetName=NetQ2_3 Pin=R9-1
Added Net: Name=NetQ2_3
Added Pin To Net: NetName=NetQ3_3 Pin=Q3-3
Added Pin To Net: NetName=NetQ3_3 Pin=R10-1
Added Net: Name=NetQ3_3
Added Pin To Net: NetName=NetQ4_3 Pin=Q4-3
Added Pin To Net: NetName=NetQ4_3 Pin=R11-1
Added Net: Name=NetQ4_3
Added Pin To Net: NetName=NetU2_1 Pin=U2-1
Added Pin To Net: NetName=NetU2_1 Pin=X1-1
Added Net: Name=NetU2_1
Added Pin To Net: NetName=NetU2_2 Pin=U2-2
Added Pin To Net: NetName=NetU2_2 Pin=X1-2
Added Net: Name=NetU2_2
Added Pin To Net: NetName=PA0 Pin=IC2-40
Added Pin To Net: NetName=PA0 Pin=P2-1
Added Pin To Net: NetName=PA0 Pin=R12-1
Added Net: Name=PA0
Added Pin To Net: NetName=PA1 Pin=IC2-39
Added Pin To Net: NetName=PA1 Pin=P2-2
Added Pin To Net: NetName=PA1 Pin=R13-1
Added Net: Name=PA1
Added Pin To Net: NetName=PA2 Pin=IC2-38
Added Pin To Net: NetName=PA2 Pin=P2-3
Added Pin To Net: NetName=PA2 Pin=R14-1
Added Net: Name=PA2
Added Pin To Net: NetName=PA3 Pin=3-1
Added Pin To Net: NetName=PA3 Pin=IC2-37
Added Pin To Net: NetName=PA3 Pin=P2-4
Added Net: Name=PA3
Added Pin To Net: NetName=PA4 Pin=4-1
Added Pin To Net: NetName=PA4 Pin=IC2-36
Added Pin To Net: NetName=PA4 Pin=P2-5
Added Net: Name=PA4
Added Pin To Net: NetName=PA5 Pin=IC2-35
Added Pin To Net: NetName=PA5 Pin=P2-6
Added Pin To Net: NetName=PA5 Pin=R15-1
Added Net: Name=PA5
Added Pin To Net: NetName=PA6 Pin=IC2-34
Added Pin To Net: NetName=PA6 Pin=P2-7
Added Pin To Net: NetName=PA6 Pin=R16-1
Added Net: Name=PA6
Added Pin To Net: NetName=PA7 Pin=IC2-33
Added Pin To Net: NetName=PA7 Pin=P2-8
Added Pin To Net: NetName=PA7 Pin=R17-1
Added Net: Name=PA7
Added Pin To Net: NetName=PB0 Pin=HD1-4
Added Pin To Net: NetName=PB0 Pin=IC2-1
Added Pin To Net: NetName=PB0 Pin=LCD1-4
Added Pin To Net: NetName=PB0 Pin=P1-8
Added Net: Name=PB0
Added Pin To Net: NetName=PB1 Pin=HD1-5
Added Pin To Net: NetName=PB1 Pin=IC2-2
Added Pin To Net: NetName=PB1 Pin=LCD1-5
Added Pin To Net: NetName=PB1 Pin=P1-7
Added Net: Name=PB1
Added Pin To Net: NetName=PB2 Pin=HD1-6
Added Pin To Net: NetName=PB2 Pin=IC2-3
Added Pin To Net: NetName=PB2 Pin=LCD1-6
Added Pin To Net: NetName=PB2 Pin=P1-6
Added Net: Name=PB2
Added Pin To Net: NetName=PB3 Pin=IC2-4
Added Pin To Net: NetName=PB3 Pin=P1-5
Added Net: Name=PB3
Added Pin To Net: NetName=PB4 Pin=HD2-3
Added Pin To Net: NetName=PB4 Pin=IC2-5
Added Pin To Net: NetName=PB4 Pin=LCD1-11
Added Pin To Net: NetName=PB4 Pin=P1-4
Added Net: Name=PB4
Added Pin To Net: NetName=PB5 Pin=HD2-4
Added Pin To Net: NetName=PB5 Pin=LCD1-12
Added Net: Name=PB5
Added Pin To Net: NetName=PB6 Pin=HD2-5
Added Pin To Net: NetName=PB6 Pin=LCD1-13
Added Net: Name=PB6
Added Pin To Net: NetName=PB7 Pin=HD2-6
Added Pin To Net: NetName=PB7 Pin=LCD1-14
Added Net: Name=PB7
Added Pin To Net: NetName=PC2 Pin=IC2-24
Added Pin To Net: NetName=PC2 Pin=P3-6
Added Net: Name=PC2
Added Pin To Net: NetName=PC3 Pin=IC2-25
Added Pin To Net: NetName=PC3 Pin=P3-5
Added Net: Name=PC3
Added Pin To Net: NetName=PC4 Pin=IC2-26
Added Pin To Net: NetName=PC4 Pin=P3-4
Added Net: Name=PC4
Added Pin To Net: NetName=PC5 Pin=IC2-27
Added Pin To Net: NetName=PC5 Pin=P3-3
Added Net: Name=PC5
Added Pin To Net: NetName=PC6 Pin=IC2-28
Added Pin To Net: NetName=PC6 Pin=P3-2
Added Net: Name=PC6
Added Pin To Net: NetName=PC7 Pin=IC2-29
Added Pin To Net: NetName=PC7 Pin=P3-1
Added Net: Name=PC7
Added Pin To Net: NetName=PD2 Pin=IC2-16
Added Pin To Net: NetName=PD2 Pin=P4-6
Added Pin To Net: NetName=PD2 Pin=R10-2
Added Net: Name=PD2
Added Pin To Net: NetName=PD3 Pin=IC2-17
Added Pin To Net: NetName=PD3 Pin=P4-5
Added Pin To Net: NetName=PD3 Pin=R11-2
Added Net: Name=PD3
Added Pin To Net: NetName=PD4 Pin=IC2-18
Added Pin To Net: NetName=PD4 Pin=P4-4
Added Pin To Net: NetName=PD4 Pin=SW3-1
Added Pin To Net: NetName=PD4 Pin=SW3-3
Added Net: Name=PD4
Added Pin To Net: NetName=PD5 Pin=IC2-19
Added Pin To Net: NetName=PD5 Pin=P4-3
Added Pin To Net: NetName=PD5 Pin=SW4-1
Added Pin To Net: NetName=PD5 Pin=SW4-3
Added Net: Name=PD5
Added Pin To Net: NetName=PD6 Pin=IC2-20
Added Pin To Net: NetName=PD6 Pin=P4-2
Added Pin To Net: NetName=PD6 Pin=SW5-1
Added Pin To Net: NetName=PD6 Pin=SW5-3
Added Net: Name=PD6
Added Pin To Net: NetName=PD7 Pin=IC2-21
Added Pin To Net: NetName=PD7 Pin=P4-1
Added Pin To Net: NetName=PD7 Pin=SW6-1
Added Pin To Net: NetName=PD7 Pin=SW6-3
Added Net: Name=PD7
Added Pin To Net: NetName=RESET Pin=HD3-5
Added Pin To Net: NetName=RESET Pin=IC2-9
Added Pin To Net: NetName=RESET Pin=R7-2
Added Pin To Net: NetName=RESET Pin=SW2-1
Added Pin To Net: NetName=RESET Pin=SW2-3
Added Net: Name=RESET
Added Pin To Net: NetName=RXD Pin=IC2-14
Added Pin To Net: NetName=RXD Pin=IC3-12
Added Pin To Net: NetName=RXD Pin=P4-8
Added Pin To Net: NetName=RXD Pin=R8-2
Added Net: Name=RXD
Added Pin To Net: NetName=SCK Pin=HD3-7
Added Pin To Net: NetName=SCK Pin=IC2-8
Added Pin To Net: NetName=SCK Pin=P1-1
Added Net: Name=SCK
Added Pin To Net: NetName=SCL Pin=IC2-22
Added Pin To Net: NetName=SCL Pin=P3-8
Added Pin To Net: NetName=SCL Pin=R4-2
Added Pin To Net: NetName=SCL Pin=U2-6
Added Net: Name=SCL
Added Pin To Net: NetName=SDA Pin=IC2-23
Added Pin To Net: NetName=SDA Pin=P3-7
Added Pin To Net: NetName=SDA Pin=R3-2
Added Pin To Net: NetName=SDA Pin=U2-5
Added Net: Name=SDA
Added Pin To Net: NetName=TXD Pin=IC2-15
Added Pin To Net: NetName=TXD Pin=IC3-11
Added Pin To Net: NetName=TXD Pin=P4-7
Added Pin To Net: NetName=TXD Pin=R9-2
Added Net: Name=TXD
Added Pin To Net: NetName=VCC Pin=2-1
Added Pin To Net: NetName=VCC Pin=2-2
Added Pin To Net: NetName=VCC Pin=2-3
Added Pin To Net: NetName=VCC Pin=C4-1
Added Pin To Net: NetName=VCC Pin=C9-1
Added Pin To Net: NetName=VCC Pin=HD1-2
Added Pin To Net: NetName=VCC Pin=HD3-2
Added Pin To Net: NetName=VCC Pin=IC1-3
Added Pin To Net: NetName=VCC Pin=IC2-10
Added Pin To Net: NetName=VCC Pin=IC2-30
Added Pin To Net: NetName=VCC Pin=IC3-16
Added Pin To Net: NetName=VCC Pin=LCD1-2
Added Pin To Net: NetName=VCC Pin=LED1-1
Added Pin To Net: NetName=VCC Pin=Q1-2
Added Pin To Net: NetName=VCC Pin=Q2-2
Added Pin To Net: NetName=VCC Pin=Q3-2
Added Pin To Net: NetName=VCC Pin=Q4-2
Added Pin To Net: NetName=VCC Pin=R1-1
Added Pin To Net: NetName=VCC Pin=R3-1
Added Pin To Net: NetName=VCC Pin=R4-1
Added Pin To Net: NetName=VCC Pin=R6-1
Added Pin To Net: NetName=VCC Pin=R7-1
Added Pin To Net: NetName=VCC Pin=U1-3
Added Pin To Net: NetName=VCC Pin=U2-8
Added Pin To Net: NetName=VCC Pin=VR1-1
Added Net: Name=VCC
Added Pin To Net: NetName=VR Pin=HD1-3
Added Pin To Net: NetName=VR Pin=LCD1-3
Added Pin To Net: NetName=VR Pin=VR1-2
Added Net: Name=VR
Added Pin To Net: NetName=XTAL1 Pin=C10-1
Added Pin To Net: NetName=XTAL1 Pin=IC2-13
Added Pin To Net: NetName=XTAL1 Pin=X2-2
Added Net: Name=XTAL1
Added Pin To Net: NetName=XTAL2 Pin=C11-2
Added Pin To Net: NetName=XTAL2 Pin=IC2-12
Added Pin To Net: NetName=XTAL2 Pin=X2-1
Added Net: Name=XTAL2
Added Class: Name=Sheet1
Added Room: Name=Sheet1
