Removed Pin From Net: NetName=PA3 Pin=3-1
Removed Pin From Net: NetName=PA4 Pin=4-1
Removed Pin From Net: NetName=PA0 Pin=R12-1
Removed Pin From Net: NetName=NetDS1_11 Pin=R12-2
Removed Pin From Net: NetName=PA1 Pin=R13-1
Removed Pin From Net: NetName=NetDS1_7 Pin=R13-2
Removed Pin From Net: NetName=PA2 Pin=R14-1
Removed Pin From Net: NetName=NetDS1_4 Pin=R14-2
Removed Pin From Net: NetName=PA5 Pin=R15-1
Removed Pin From Net: NetName=NetDS1_10 Pin=R15-2
Removed Pin From Net: NetName=PA6 Pin=R16-1
Removed Pin From Net: NetName=NetDS1_5 Pin=R16-2
Removed Pin From Net: NetName=PA7 Pin=R17-1
Removed Pin From Net: NetName=NetDS1_3 Pin=R17-2
Removed Member From Class: ClassName=Sheet1 Member=3
Removed Member From Class: ClassName=Sheet1 Member=4
Change Component Designator: OldDesignator=D2 NewDesignator=D1
Change Component Designator: OldDesignator=HD3 NewDesignator=HD1
Change Component Designator: OldDesignator=R3 NewDesignator=R2
Change Component Designator: OldDesignator=R4 NewDesignator=R3
Change Component Designator: OldDesignator=R5 NewDesignator=R4
Change Component Designator: OldDesignator=R7 NewDesignator=R5
Change Component Designator: OldDesignator=R8 NewDesignator=R6
Change Component Designator: OldDesignator=R9 NewDesignator=R7
Change Component Designator: OldDesignator=R10 NewDesignator=R8
Change Component Designator: OldDesignator=R11 NewDesignator=R9
Added Component: Designator=R10(R1/4W1)
Added Component: Designator=R11(R1/4W1)
Added Component: Designator=R12(R1/4W1)
Added Component: Designator=R13(R1/4W1)
Added Component: Designator=R14(R1/4W1)
Added Component: Designator=R15(R1/4W1)
Added Component: Designator=R16(R1/4W1)
Added Component: Designator=R17(R1/4W1)
Added Pin To Net: NetName=PA0 Pin=R10-1
Added Pin To Net: NetName=NetDS1_11 Pin=R10-2
Added Pin To Net: NetName=PA1 Pin=R11-1
Added Pin To Net: NetName=NetDS1_7 Pin=R11-2
Added Pin To Net: NetName=PA2 Pin=R12-1
Added Pin To Net: NetName=NetDS1_4 Pin=R12-2
Added Pin To Net: NetName=PA3 Pin=R13-1
Added Pin To Net: NetName=PA4 Pin=R14-1
Added Pin To Net: NetName=PA5 Pin=R15-1
Added Pin To Net: NetName=NetDS1_10 Pin=R15-2
Added Pin To Net: NetName=PA6 Pin=R16-1
Added Pin To Net: NetName=NetDS1_5 Pin=R16-2
Added Pin To Net: NetName=PA7 Pin=R17-1
Added Pin To Net: NetName=NetDS1_3 Pin=R17-2
Change Net Name : Old Net Name=NetD2_1 New Net Name=NetD1_1
Change Net Name : Old Net Name=NetD2_2 New Net Name=NetD1_2
Added Pin To Net: NetName=NetDS1_1 Pin=DS1-1
Added Pin To Net: NetName=NetDS1_1 Pin=R14-2
Added Net: Name=NetDS1_1
Added Pin To Net: NetName=NetDS1_2 Pin=DS1-2
Added Pin To Net: NetName=NetDS1_2 Pin=R13-2
Added Net: Name=NetDS1_2
Added Member To Class: ClassName=Sheet1 Member=Component R1 220
Added Member To Class: ClassName=Sheet1 Member=Component R10 Res1
Added Member To Class: ClassName=Sheet1 Member=Component R11 Res1
